<?xml version="1.0" encoding="UTF-8"?>
<testsuite xmlns:xsi="http://www.w3.org/2001/XMLSchema-instance" xsi:noNamespaceSchemaLocation="https://maven.apache.org/surefire/maven-surefire-plugin/xsd/surefire-test-report.xsd" name="group12.ChatBotTest" time="0.052" tests="46" errors="0" skipped="0" failures="0">
  <properties>
    <property name="java.specification.version" value="23"/>
    <property name="sun.cpu.isalist" value="amd64"/>
    <property name="sun.jnu.encoding" value="Cp1252"/>
    <property name="java.class.path" value="C:\Users\Ronaldo\Documents\GitHub\Automated-Judge-System-Inator\target\test-classes;C:\Users\Ronaldo\Documents\GitHub\Automated-Judge-System-Inator\target\classes;C:\Users\Ronaldo\.m2\repository\junit\junit\4.13.2\junit-4.13.2.jar;C:\Users\Ronaldo\.m2\repository\org\hamcrest\hamcrest-core\1.3\hamcrest-core-1.3.jar;C:\Users\Ronaldo\.m2\repository\org\junit\jupiter\junit-jupiter-engine\5.9.1\junit-jupiter-engine-5.9.1.jar;C:\Users\Ronaldo\.m2\repository\org\junit\platform\junit-platform-engine\1.9.1\junit-platform-engine-1.9.1.jar;C:\Users\Ronaldo\.m2\repository\org\opentest4j\opentest4j\1.2.0\opentest4j-1.2.0.jar;C:\Users\Ronaldo\.m2\repository\org\junit\platform\junit-platform-commons\1.9.1\junit-platform-commons-1.9.1.jar;C:\Users\Ronaldo\.m2\repository\org\junit\jupiter\junit-jupiter-api\5.9.1\junit-jupiter-api-5.9.1.jar;C:\Users\Ronaldo\.m2\repository\org\apiguardian\apiguardian-api\1.1.2\apiguardian-api-1.1.2.jar;C:\Users\Ronaldo\.m2\repository\org\junit\vintage\junit-vintage-engine\5.9.1\junit-vintage-engine-5.9.1.jar;"/>
    <property name="java.vm.vendor" value="Oracle Corporation"/>
    <property name="sun.arch.data.model" value="64"/>
    <property name="user.variant" value=""/>
    <property name="java.vendor.url" value="https://java.oracle.com/"/>
    <property name="user.timezone" value="America/Port_of_Spain"/>
    <property name="os.name" value="Windows 11"/>
    <property name="java.vm.specification.version" value="23"/>
    <property name="user.country" value="TT"/>
    <property name="sun.java.launcher" value="SUN_STANDARD"/>
    <property name="sun.boot.library.path" value="C:\Program Files\Java\jdk-23\bin"/>
    <property name="sun.java.command" value="C:\Users\Ronaldo\AppData\Local\Temp\surefire6963578242652773374\surefirebooter6742825278438089093.jar C:\Users\Ronaldo\AppData\Local\Temp\surefire6963578242652773374 2024-11-11T09-36-26_418-jvmRun1 surefire1955894879133098178tmp surefire_06032847664111481869tmp"/>
    <property name="jdk.debug" value="release"/>
    <property name="test" value="group12.ChatBotTest"/>
    <property name="surefire.test.class.path" value="C:\Users\Ronaldo\Documents\GitHub\Automated-Judge-System-Inator\target\test-classes;C:\Users\Ronaldo\Documents\GitHub\Automated-Judge-System-Inator\target\classes;C:\Users\Ronaldo\.m2\repository\junit\junit\4.13.2\junit-4.13.2.jar;C:\Users\Ronaldo\.m2\repository\org\hamcrest\hamcrest-core\1.3\hamcrest-core-1.3.jar;C:\Users\Ronaldo\.m2\repository\org\junit\jupiter\junit-jupiter-engine\5.9.1\junit-jupiter-engine-5.9.1.jar;C:\Users\Ronaldo\.m2\repository\org\junit\platform\junit-platform-engine\1.9.1\junit-platform-engine-1.9.1.jar;C:\Users\Ronaldo\.m2\repository\org\opentest4j\opentest4j\1.2.0\opentest4j-1.2.0.jar;C:\Users\Ronaldo\.m2\repository\org\junit\platform\junit-platform-commons\1.9.1\junit-platform-commons-1.9.1.jar;C:\Users\Ronaldo\.m2\repository\org\junit\jupiter\junit-jupiter-api\5.9.1\junit-jupiter-api-5.9.1.jar;C:\Users\Ronaldo\.m2\repository\org\apiguardian\apiguardian-api\1.1.2\apiguardian-api-1.1.2.jar;C:\Users\Ronaldo\.m2\repository\org\junit\vintage\junit-vintage-engine\5.9.1\junit-vintage-engine-5.9.1.jar;"/>
    <property name="sun.cpu.endian" value="little"/>
    <property name="user.home" value="C:\Users\Ronaldo"/>
    <property name="user.language" value="en"/>
    <property name="java.specification.vendor" value="Oracle Corporation"/>
    <property name="java.version.date" value="2024-09-17"/>
    <property name="java.home" value="C:\Program Files\Java\jdk-23"/>
    <property name="file.separator" value="\"/>
    <property name="basedir" value="C:\Users\Ronaldo\Documents\GitHub\Automated-Judge-System-Inator"/>
    <property name="java.vm.compressedOopsMode" value="Zero based"/>
    <property name="line.separator" value="&#10;"/>
    <property name="java.vm.specification.vendor" value="Oracle Corporation"/>
    <property name="java.specification.name" value="Java Platform API Specification"/>
    <property name="surefire.real.class.path" value="C:\Users\Ronaldo\AppData\Local\Temp\surefire6963578242652773374\surefirebooter6742825278438089093.jar"/>
    <property name="user.script" value=""/>
    <property name="sun.management.compiler" value="HotSpot 64-Bit Tiered Compilers"/>
    <property name="java.runtime.version" value="23+37-2369"/>
    <property name="user.name" value="Ronaldo"/>
    <property name="stdout.encoding" value="Cp1252"/>
    <property name="path.separator" value=";"/>
    <property name="os.version" value="10.0"/>
    <property name="java.runtime.name" value="Java(TM) SE Runtime Environment"/>
    <property name="file.encoding" value="UTF-8"/>
    <property name="java.vm.name" value="Java HotSpot(TM) 64-Bit Server VM"/>
    <property name="maven.ext.class.path" value="C:\Users\Ronaldo\.vscode\extensions\oracle.oracle-java-23.0.0\nbcode\java\maven-nblib\netbeans-eventspy.jar"/>
    <property name="localRepository" value="C:\Users\Ronaldo\.m2\repository"/>
    <property name="java.vendor.url.bug" value="https://bugreport.java.com/bugreport/"/>
    <property name="java.io.tmpdir" value="C:\Users\Ronaldo\AppData\Local\Temp\"/>
    <property name="java.version" value="23"/>
    <property name="user.dir" value="C:\Users\Ronaldo\Documents\GitHub\Automated-Judge-System-Inator"/>
    <property name="os.arch" value="amd64"/>
    <property name="java.vm.specification.name" value="Java Virtual Machine Specification"/>
    <property name="sun.os.patch.level" value=""/>
    <property name="native.encoding" value="Cp1252"/>
    <property name="java.library.path" value="C:\Program Files\Java\jdk-23\bin;C:\WINDOWS\Sun\Java\bin;C:\WINDOWS\system32;C:\WINDOWS;C:\Program Files\Common Files\Oracle\Java\javapath;C:\WINDOWS\system32;C:\WINDOWS;C:\WINDOWS\System32\Wbem;C:\WINDOWS\System32\WindowsPowerShell\v1.0\;C:\WINDOWS\System32\OpenSSH\;C:\Program Files\Git\cmd;C:\ProgramData\chocolatey\bin;C:\ProgramData\chocolatey\lib\maven\apache-maven-3.9.9\bin;C:\Users\Ronaldo\AppData\Local\Programs\Python\Python312;C:\Users\Ronaldo\AppData\Local\Microsoft\WindowsApps;C:\Users\Ronaldo\AppData\Local\Programs\Microsoft VS Code\bin;C:\Program Files\Java\jdk-23\bin;C:\Users\Ronaldo\AppData\Local\GitHubDesktop\bin;;."/>
    <property name="java.vm.info" value="mixed mode, sharing"/>
    <property name="stderr.encoding" value="Cp1252"/>
    <property name="java.vendor" value="Oracle Corporation"/>
    <property name="java.vm.version" value="23+37-2369"/>
    <property name="sun.io.unicode.encoding" value="UnicodeLittle"/>
    <property name="java.class.version" value="67.0"/>
  </properties>
  <testcase name="testMessageNumberIsPrivate" classname="group12.ChatBotTest" time="0.011"/>
  <testcase name="testmessageNumberIsInt" classname="group12.ChatBotTest" time="0"/>
  <testcase name="testToStringMethodExists" classname="group12.ChatBotTest" time="0.001"/>
  <testcase name="testGetTotalNumResponsesGeneratedIsPublic" classname="group12.ChatBotTest" time="0"/>
  <testcase name="testGetTotalNumMessagesRemainingIsPublic" classname="group12.ChatBotTest" time="0"/>
  <testcase name="testGetTotalNumResponsesGeneratedIsStatic" classname="group12.ChatBotTest" time="0.001"/>
  <testcase name="testGetTotalNumMessagesRemainingIsStatic" classname="group12.ChatBotTest" time="0.001"/>
  <testcase name="testAttributeChatBotNameExists" classname="group12.ChatBotTest" time="0"/>
  <testcase name="testToStringReturnString" classname="group12.ChatBotTest" time="0.001"/>
  <testcase name="testChatBotClassIsPublic" classname="group12.ChatBotTest" time="0"/>
  <testcase name="testPromptMethodExists" classname="group12.ChatBotTest" time="0"/>
  <testcase name="testGenerateResponseMethodExists" classname="group12.ChatBotTest" time="0"/>
  <testcase name="testGetNumResponsesGeneratedIsPublic" classname="group12.ChatBotTest" time="0.001"/>
  <testcase name="testLimitReachedIsPublic" classname="group12.ChatBotTest" time="0"/>
  <testcase name="testAttributeNumResponsesGeneratedExists" classname="group12.ChatBotTest" time="0"/>
  <testcase name="testLimitReachedIsStatic" classname="group12.ChatBotTest" time="0.002"/>
  <testcase name="testOverloadhatBotConstructorIsPublic" classname="group12.ChatBotTest" time="0"/>
  <testcase name="testPromptReturnString" classname="group12.ChatBotTest" time="0"/>
  <testcase name="testMessageNumberIsStatic" classname="group12.ChatBotTest" time="0"/>
  <testcase name="testGetTotalNumMessagesRemainingReturnInt" classname="group12.ChatBotTest" time="0"/>
  <testcase name="testGenerateResponseReturnString" classname="group12.ChatBotTest" time="0.001"/>
  <testcase name="testGetTotalNumResponsesGeneratedMethodExists" classname="group12.ChatBotTest" time="0"/>
  <testcase name="testOverloadhatBotConstructorExists" classname="group12.ChatBotTest" time="0"/>
  <testcase name="testChatBotNameIsPrivate" classname="group12.ChatBotTest" time="0.001"/>
  <testcase name="testGetChatBotNameIsPublic" classname="group12.ChatBotTest" time="0"/>
  <testcase name="testMessageLimitIsInt" classname="group12.ChatBotTest" time="0"/>
  <testcase name="testDefaultChatBotConstructorIsPublic" classname="group12.ChatBotTest" time="0"/>
  <testcase name="testAttributemessageNumberExists" classname="group12.ChatBotTest" time="0"/>
  <testcase name="testGetNumResponsesGeneratedMethodExists" classname="group12.ChatBotTest" time="0"/>
  <testcase name="testGetNumResponsesGeneratedReturnInt" classname="group12.ChatBotTest" time="0"/>
  <testcase name="testAttributemessageLimitExists" classname="group12.ChatBotTest" time="0"/>
  <testcase name="testGetTotalNumMessagesRemainingMethodExists" classname="group12.ChatBotTest" time="0"/>
  <testcase name="testChatBotNameIsString" classname="group12.ChatBotTest" time="0.001"/>
  <testcase name="testLimitReachedMethodExists" classname="group12.ChatBotTest" time="0"/>
  <testcase name="testToStringIsPublic" classname="group12.ChatBotTest" time="0"/>
  <testcase name="testNumResponsesGeneratedIsPrivate" classname="group12.ChatBotTest" time="0"/>
  <testcase name="testLimitReachedReturnBoolean" classname="group12.ChatBotTest" time="0"/>
  <testcase name="testGenerateResponseIsPublic" classname="group12.ChatBotTest" time="0"/>
  <testcase name="testDefaultChatBotConstructorExists" classname="group12.ChatBotTest" time="0"/>
  <testcase name="testMessageLimitIsStatic" classname="group12.ChatBotTest" time="0.003"/>
  <testcase name="testMessageLimitIsPrivate" classname="group12.ChatBotTest" time="0"/>
  <testcase name="testGetChatBotNameMethodExists" classname="group12.ChatBotTest" time="0.001"/>
  <testcase name="testPromptIsPublic" classname="group12.ChatBotTest" time="0.001"/>
  <testcase name="testNumResponsesGeneratedIsInt" classname="group12.ChatBotTest" time="0"/>
  <testcase name="testGetTotalNumResponsesGeneratedReturnInt" classname="group12.ChatBotTest" time="0.001"/>
  <testcase name="testGetChatBotNameReturnString" classname="group12.ChatBotTest" time="0.002"/>
</testsuite>